2024-10-29 11:09:26 - Starting MovieraysApplication using Java 21.0.2 with PID 6612 (C:\Users\Dharun.M.R\Desktop\projects\fsad\MovieRays\backend\movierays\target\classes started by Dharun in C:\Users\Dharun.M.R\Desktop\projects\fsad\MovieRays\backend\movierays)
2024-10-29 11:09:26 - No active profile set, falling back to 1 default profile: "default"
2024-10-29 11:09:27 - Devtools property defaults active! Set 'spring.devtools.add-properties' to 'false' to disable
2024-10-29 11:09:27 - For additional web related logging consider setting the 'logging.level.web' property to 'DEBUG'
2024-10-29 11:09:28 - Bootstrapping Spring Data MongoDB repositories in DEFAULT mode.
2024-10-29 11:09:29 - Finished Spring Data repository scanning in 110 ms. Found 2 MongoDB repository interfaces.
2024-10-29 11:09:30 - Tomcat initialized with port 8080 (http)
2024-10-29 11:09:30 - Initializing ProtocolHandler ["http-nio-8080"]
2024-10-29 11:09:30 - Starting service [Tomcat]
2024-10-29 11:09:30 - Starting Servlet engine: [Apache Tomcat/10.1.30]
2024-10-29 11:09:30 - Initializing Spring embedded WebApplicationContext
2024-10-29 11:09:30 - Root WebApplicationContext: initialization completed in 3313 ms
2024-10-29 11:09:30 - MongoClient with metadata {"driver": {"name": "mongo-java-driver|sync|spring-boot", "version": "5.0.1"}, "os": {"type": "Windows", "name": "Windows 10", "architecture": "amd64", "version": "10.0"}, "platform": "Java/Oracle Corporation/21.0.2+13-LTS-58"} created with settings MongoClientSettings{readPreference=primary, writeConcern=WriteConcern{w=null, wTimeout=null ms, journal=null}, retryWrites=true, retryReads=true, readConcern=ReadConcern{level=null}, credential=null, transportSettings=null, commandListeners=[], codecRegistry=ProvidersCodecRegistry{codecProviders=[ValueCodecProvider{}, BsonValueCodecProvider{}, DBRefCodecProvider{}, DBObjectCodecProvider{}, DocumentCodecProvider{}, CollectionCodecProvider{}, IterableCodecProvider{}, MapCodecProvider{}, GeoJsonCodecProvider{}, GridFSFileCodecProvider{}, Jsr310CodecProvider{}, JsonObjectCodecProvider{}, BsonCodecProvider{}, EnumCodecProvider{}, com.mongodb.client.model.mql.ExpressionCodecProvider@5f65f1b3, com.mongodb.Jep395RecordCodecProvider@7b0b3d67, com.mongodb.KotlinCodecProvider@272c685e]}, loggerSettings=LoggerSettings{maxDocumentLength=1000}, clusterSettings={hosts=[localhost:27017], srvServiceName=mongodb, mode=SINGLE, requiredClusterType=UNKNOWN, requiredReplicaSetName='null', serverSelector='null', clusterListeners='[]', serverSelectionTimeout='30000 ms', localThreshold='15 ms'}, socketSettings=SocketSettings{connectTimeoutMS=10000, readTimeoutMS=0, receiveBufferSize=0, proxySettings=ProxySettings{host=null, port=null, username=null, password=null}}, heartbeatSocketSettings=SocketSettings{connectTimeoutMS=10000, readTimeoutMS=10000, receiveBufferSize=0, proxySettings=ProxySettings{host=null, port=null, username=null, password=null}}, connectionPoolSettings=ConnectionPoolSettings{maxSize=100, minSize=0, maxWaitTimeMS=120000, maxConnectionLifeTimeMS=0, maxConnectionIdleTimeMS=0, maintenanceInitialDelayMS=0, maintenanceFrequencyMS=60000, connectionPoolListeners=[], maxConnecting=2}, serverSettings=ServerSettings{heartbeatFrequencyMS=10000, minHeartbeatFrequencyMS=500, serverListeners='[]', serverMonitorListeners='[]'}, sslSettings=SslSettings{enabled=false, invalidHostNameAllowed=false, context=null}, applicationName='null', compressorList=[], uuidRepresentation=JAVA_LEGACY, serverApi=null, autoEncryptionSettings=null, dnsClient=null, inetAddressResolver=null, contextProvider=null}
2024-10-29 11:09:30 - Monitor thread successfully connected to server with description ServerDescription{address=localhost:27017, type=STANDALONE, state=CONNECTED, ok=true, minWireVersion=0, maxWireVersion=25, maxDocumentSize=16777216, logicalSessionTimeoutMinutes=30, roundTripTimeNanos=46394600}
2024-10-29 11:09:31 - LiveReload server is running on port 35729
2024-10-29 11:09:31 - 

Using generated security password: e5fc3b9b-7902-4331-b00e-3e8702f8aa74

This generated password is for development use only. Your security configuration must be updated before running your application in production.

2024-10-29 11:09:31 - Global AuthenticationManager configured with UserDetailsService bean with name inMemoryUserDetailsManager
2024-10-29 11:09:32 - Starting ProtocolHandler ["http-nio-8080"]
2024-10-29 11:09:32 - Tomcat started on port 8080 (http) with context path '/'
2024-10-29 11:09:32 - Started MovieraysApplication in 7.418 seconds (process running for 9.294)
2024-10-29 11:20:11 - Initializing Spring DispatcherServlet 'dispatcherServlet'
2024-10-29 11:20:11 - Initializing Servlet 'dispatcherServlet'
2024-10-29 11:20:11 - Completed initialization in 1 ms
2024-10-29 11:21:21 - user dharun@gmail.com tried to log in
2024-10-29 11:21:21 - user dharun@gmail.com sucessfully logged in
2024-10-29 11:31:51 - user dharun@movierays.com tried to log in
2024-10-29 11:31:51 - user dharun@movierays.com sucessfully logged in
2024-10-29 11:36:48 - started uploading Movie goat by admin
2024-10-29 11:38:27 - user dharun@gmail.com tried to log in
2024-10-29 11:38:27 - user dharun@gmail.com sucessfully logged in
